<?xml version="1.0" encoding="UTF-8"?>
<!-- Generated by org.testng.reporters.JUnitXMLReporter -->
<testsuite hostname="VSINGH-MBP.local" ignored="0" name="Api testing" tests="24" failures="0" timestamp="26 Dec 2019 16:48:21 GMT" time="7.59" errors="0">
  <testcase name="checkBodyData" time="0.017" classname="com.employeeApi.testcases.DeleteEmployeeApi"/>
  <testcase name="checkContentType" time="0.067" classname="com.employeeApi.testcases.DeleteEmployeeApi"/>
  <testcase name="checkServr" time="0.002" classname="com.employeeApi.testcases.DeleteEmployeeApi"/>
  <testcase name="checkStatusCode" time="0.0" classname="com.employeeApi.testcases.DeleteEmployeeApi"/>
  <testcase name="checkContentLength" time="0.001" classname="com.employeeApi.testcases.GetAllEmployes"/>
  <testcase name="checkContentType" time="0.001" classname="com.employeeApi.testcases.GetAllEmployes"/>
  <testcase name="checkRespose" time="0.002" classname="com.employeeApi.testcases.GetAllEmployes"/>
  <testcase name="checkServr" time="0.001" classname="com.employeeApi.testcases.GetAllEmployes"/>
  <testcase name="checkStatusCode" time="0.001" classname="com.employeeApi.testcases.GetAllEmployes"/>
  <testcase name="checkresponseTime" time="0.002" classname="com.employeeApi.testcases.GetAllEmployes"/>
  <testcase name="checkContentLength" time="0.001" classname="com.employeeApi.testcases.GetEmployee"/>
  <testcase name="checkContentType" time="0.0" classname="com.employeeApi.testcases.GetEmployee"/>
  <testcase name="checkRespose" time="0.001" classname="com.employeeApi.testcases.GetEmployee"/>
  <testcase name="checkServr" time="0.0" classname="com.employeeApi.testcases.GetEmployee"/>
  <testcase name="checkStatusCode" time="0.001" classname="com.employeeApi.testcases.GetEmployee"/>
  <testcase name="checkresponseTime" time="0.001" classname="com.employeeApi.testcases.GetEmployee"/>
  <testcase name="checkBodyData" time="0.001" classname="com.employeeApi.testcases.PostCreateEmployee"/>
  <testcase name="checkContentType" time="0.0" classname="com.employeeApi.testcases.PostCreateEmployee"/>
  <testcase name="checkServr" time="0.001" classname="com.employeeApi.testcases.PostCreateEmployee"/>
  <testcase name="checkStatusCode" time="0.001" classname="com.employeeApi.testcases.PostCreateEmployee"/>
  <testcase name="checkBodyData" time="0.001" classname="com.employeeApi.testcases.PutEmployeeApi"/>
  <testcase name="checkContentType" time="0.001" classname="com.employeeApi.testcases.PutEmployeeApi"/>
  <testcase name="checkServr" time="0.0" classname="com.employeeApi.testcases.PutEmployeeApi"/>
  <testcase name="checkStatusCode" time="0.0" classname="com.employeeApi.testcases.PutEmployeeApi"/>
</testsuite> <!-- Api testing -->
