<?xml version="1.0" encoding="UTF-8"?>
<!-- Generated by org.testng.reporters.JUnitXMLReporter -->
<testsuite hostname="dhcp-10-120-183-191.wifi.oracle.com" ignored="0" name="Default test" tests="11" failures="0" timestamp="06 Jan 2020 14:24:29 GMT" time="17.939" errors="0">
  <testcase name="verifyMultipleEmpCreation" time="3.187" classname="com.apiTesting.APITestng.DataProviderTC"/>
  <testcase name="verifyMultipleEmpCreation" time="1.468" classname="com.apiTesting.APITestng.DataProviderTC"/>
  <testcase name="verifyMultipleEmpCreation" time="1.089" classname="com.apiTesting.APITestng.DataProviderTC"/>
  <testcase name="verifyMultipleEmpCreation" time="1.162" classname="com.apiTesting.APITestng.DataProviderTC"/>
  <testcase name="verifyMultipleEmpCreation" time="2.866" classname="com.apiTesting.APITestng.DataProviderTC"/>
  <testcase name="verifyMultipleEmpCreation" time="1.739" classname="com.apiTesting.APITestng.DataProviderTC"/>
  <testcase name="verifyMultipleEmpCreation" time="1.124" classname="com.apiTesting.APITestng.DataProviderTC"/>
  <testcase name="verifyMultipleEmpCreation" time="1.026" classname="com.apiTesting.APITestng.DataProviderTC"/>
  <testcase name="verifyMultipleEmpCreation" time="1.122" classname="com.apiTesting.APITestng.DataProviderTC"/>
  <testcase name="verifyMultipleEmpCreation" time="1.144" classname="com.apiTesting.APITestng.DataProviderTC"/>
  <testcase name="verifyMultipleEmpCreation" time="1.495" classname="com.apiTesting.APITestng.DataProviderTC"/>
</testsuite> <!-- Default test -->
