<?xml version="1.0" encoding="UTF-8"?>
<testng-results skipped="0" failed="0" ignored="0" total="11" passed="11">
  <reporter-output>
  </reporter-output>
  <suite name="Default suite" duration-ms="17939" started-at="2020-01-06T14:24:11Z" finished-at="2020-01-06T14:24:29Z">
    <groups>
    </groups>
    <test name="Default test" duration-ms="17939" started-at="2020-01-06T14:24:11Z" finished-at="2020-01-06T14:24:29Z">
      <class name="com.apiTesting.APITestng.DataProviderTC">
        <test-method status="PASS" signature="verifyMultipleEmpCreation(java.lang.String, java.lang.String, java.lang.String)[pri:0, instance:com.apiTesting.APITestng.DataProviderTC@29774679]" name="verifyMultipleEmpCreation" duration-ms="3187" started-at="2020-01-06T14:24:12Z" data-provider="dataFormExcel" finished-at="2020-01-06T14:24:15Z">
          <params>
            <param index="0">
              <value>
                <![CDATA[Name]]>
              </value>
            </param>
            <param index="1">
              <value>
                <![CDATA[Salary]]>
              </value>
            </param>
            <param index="2">
              <value>
                <![CDATA[Age]]>
              </value>
            </param>
          </params>
          <reporter-output>
          </reporter-output>
        </test-method> <!-- verifyMultipleEmpCreation -->
        <test-method status="PASS" signature="verifyMultipleEmpCreation(java.lang.String, java.lang.String, java.lang.String)[pri:0, instance:com.apiTesting.APITestng.DataProviderTC@29774679]" name="verifyMultipleEmpCreation" duration-ms="1468" started-at="2020-01-06T14:24:15Z" data-provider="dataFormExcel" finished-at="2020-01-06T14:24:16Z">
          <params>
            <param index="0">
              <value>
                <![CDATA[Dilkare chu che1]]>
              </value>
            </param>
            <param index="1">
              <value>
                <![CDATA[123]]>
              </value>
            </param>
            <param index="2">
              <value>
                <![CDATA[28]]>
              </value>
            </param>
          </params>
          <reporter-output>
          </reporter-output>
        </test-method> <!-- verifyMultipleEmpCreation -->
        <test-method status="PASS" signature="verifyMultipleEmpCreation(java.lang.String, java.lang.String, java.lang.String)[pri:0, instance:com.apiTesting.APITestng.DataProviderTC@29774679]" name="verifyMultipleEmpCreation" duration-ms="1089" started-at="2020-01-06T14:24:16Z" data-provider="dataFormExcel" finished-at="2020-01-06T14:24:17Z">
          <params>
            <param index="0">
              <value>
                <![CDATA[Dilkare chu che2]]>
              </value>
            </param>
            <param index="1">
              <value>
                <![CDATA[124]]>
              </value>
            </param>
            <param index="2">
              <value>
                <![CDATA[29]]>
              </value>
            </param>
          </params>
          <reporter-output>
          </reporter-output>
        </test-method> <!-- verifyMultipleEmpCreation -->
        <test-method status="PASS" signature="verifyMultipleEmpCreation(java.lang.String, java.lang.String, java.lang.String)[pri:0, instance:com.apiTesting.APITestng.DataProviderTC@29774679]" name="verifyMultipleEmpCreation" duration-ms="1162" started-at="2020-01-06T14:24:17Z" data-provider="dataFormExcel" finished-at="2020-01-06T14:24:19Z">
          <params>
            <param index="0">
              <value>
                <![CDATA[Dilkare chu che3]]>
              </value>
            </param>
            <param index="1">
              <value>
                <![CDATA[125]]>
              </value>
            </param>
            <param index="2">
              <value>
                <![CDATA[30]]>
              </value>
            </param>
          </params>
          <reporter-output>
          </reporter-output>
        </test-method> <!-- verifyMultipleEmpCreation -->
        <test-method status="PASS" signature="verifyMultipleEmpCreation(java.lang.String, java.lang.String, java.lang.String)[pri:0, instance:com.apiTesting.APITestng.DataProviderTC@29774679]" name="verifyMultipleEmpCreation" duration-ms="2866" started-at="2020-01-06T14:24:19Z" data-provider="dataFormExcel" finished-at="2020-01-06T14:24:21Z">
          <params>
            <param index="0">
              <value>
                <![CDATA[Dilkare chu che4]]>
              </value>
            </param>
            <param index="1">
              <value>
                <![CDATA[126]]>
              </value>
            </param>
            <param index="2">
              <value>
                <![CDATA[31]]>
              </value>
            </param>
          </params>
          <reporter-output>
          </reporter-output>
        </test-method> <!-- verifyMultipleEmpCreation -->
        <test-method status="PASS" signature="verifyMultipleEmpCreation(java.lang.String, java.lang.String, java.lang.String)[pri:0, instance:com.apiTesting.APITestng.DataProviderTC@29774679]" name="verifyMultipleEmpCreation" duration-ms="1739" started-at="2020-01-06T14:24:21Z" data-provider="dataFormExcel" finished-at="2020-01-06T14:24:23Z">
          <params>
            <param index="0">
              <value>
                <![CDATA[Dilkare chu che5]]>
              </value>
            </param>
            <param index="1">
              <value>
                <![CDATA[127]]>
              </value>
            </param>
            <param index="2">
              <value>
                <![CDATA[32]]>
              </value>
            </param>
          </params>
          <reporter-output>
          </reporter-output>
        </test-method> <!-- verifyMultipleEmpCreation -->
        <test-method status="PASS" signature="verifyMultipleEmpCreation(java.lang.String, java.lang.String, java.lang.String)[pri:0, instance:com.apiTesting.APITestng.DataProviderTC@29774679]" name="verifyMultipleEmpCreation" duration-ms="1124" started-at="2020-01-06T14:24:23Z" data-provider="dataFormExcel" finished-at="2020-01-06T14:24:24Z">
          <params>
            <param index="0">
              <value>
                <![CDATA[Dilkare chu che6]]>
              </value>
            </param>
            <param index="1">
              <value>
                <![CDATA[128]]>
              </value>
            </param>
            <param index="2">
              <value>
                <![CDATA[33]]>
              </value>
            </param>
          </params>
          <reporter-output>
          </reporter-output>
        </test-method> <!-- verifyMultipleEmpCreation -->
        <test-method status="PASS" signature="verifyMultipleEmpCreation(java.lang.String, java.lang.String, java.lang.String)[pri:0, instance:com.apiTesting.APITestng.DataProviderTC@29774679]" name="verifyMultipleEmpCreation" duration-ms="1026" started-at="2020-01-06T14:24:24Z" data-provider="dataFormExcel" finished-at="2020-01-06T14:24:25Z">
          <params>
            <param index="0">
              <value>
                <![CDATA[Dilkare chu che7]]>
              </value>
            </param>
            <param index="1">
              <value>
                <![CDATA[129]]>
              </value>
            </param>
            <param index="2">
              <value>
                <![CDATA[34]]>
              </value>
            </param>
          </params>
          <reporter-output>
          </reporter-output>
        </test-method> <!-- verifyMultipleEmpCreation -->
        <test-method status="PASS" signature="verifyMultipleEmpCreation(java.lang.String, java.lang.String, java.lang.String)[pri:0, instance:com.apiTesting.APITestng.DataProviderTC@29774679]" name="verifyMultipleEmpCreation" duration-ms="1122" started-at="2020-01-06T14:24:25Z" data-provider="dataFormExcel" finished-at="2020-01-06T14:24:26Z">
          <params>
            <param index="0">
              <value>
                <![CDATA[Dilkare chu che8]]>
              </value>
            </param>
            <param index="1">
              <value>
                <![CDATA[130]]>
              </value>
            </param>
            <param index="2">
              <value>
                <![CDATA[35]]>
              </value>
            </param>
          </params>
          <reporter-output>
          </reporter-output>
        </test-method> <!-- verifyMultipleEmpCreation -->
        <test-method status="PASS" signature="verifyMultipleEmpCreation(java.lang.String, java.lang.String, java.lang.String)[pri:0, instance:com.apiTesting.APITestng.DataProviderTC@29774679]" name="verifyMultipleEmpCreation" duration-ms="1144" started-at="2020-01-06T14:24:26Z" data-provider="dataFormExcel" finished-at="2020-01-06T14:24:28Z">
          <params>
            <param index="0">
              <value>
                <![CDATA[Dilkare chu che9]]>
              </value>
            </param>
            <param index="1">
              <value>
                <![CDATA[131]]>
              </value>
            </param>
            <param index="2">
              <value>
                <![CDATA[36]]>
              </value>
            </param>
          </params>
          <reporter-output>
          </reporter-output>
        </test-method> <!-- verifyMultipleEmpCreation -->
        <test-method status="PASS" signature="verifyMultipleEmpCreation(java.lang.String, java.lang.String, java.lang.String)[pri:0, instance:com.apiTesting.APITestng.DataProviderTC@29774679]" name="verifyMultipleEmpCreation" duration-ms="1495" started-at="2020-01-06T14:24:28Z" data-provider="dataFormExcel" finished-at="2020-01-06T14:24:29Z">
          <params>
            <param index="0">
              <value>
                <![CDATA[Dilkare chu che10]]>
              </value>
            </param>
            <param index="1">
              <value>
                <![CDATA[132]]>
              </value>
            </param>
            <param index="2">
              <value>
                <![CDATA[37]]>
              </value>
            </param>
          </params>
          <reporter-output>
          </reporter-output>
        </test-method> <!-- verifyMultipleEmpCreation -->
      </class> <!-- com.apiTesting.APITestng.DataProviderTC -->
    </test> <!-- Default test -->
  </suite> <!-- Default suite -->
</testng-results>
